{
  "stats": {
    "suites": 4,
    "tests": 4,
    "passes": 4,
    "pending": 0,
    "failures": 0,
    "start": "2025-06-12T12:35:40.114Z",
    "end": "2025-06-12T12:40:30.852Z",
    "duration": 10521,
    "testsRegistered": 4,
    "passPercent": 100,
    "pendingPercent": 0,
    "other": 0,
    "hasOther": false,
    "skipped": 0,
    "hasSkipped": false
  },
  "results": [
    {
      "uuid": "4c87e478-f23c-4c69-b5f6-a59b0b016f6c",
      "title": "",
      "fullFile": "cypress\\e2e\\test2.cy.js",
      "file": "cypress\\e2e\\test2.cy.js",
      "beforeHooks": [],
      "afterHooks": [],
      "tests": [],
      "suites": [
        {
          "uuid": "08fe11a6-6454-4617-908b-3380507a3ff0",
          "title": "My First Test2",
          "fullFile": "",
          "file": "",
          "beforeHooks": [],
          "afterHooks": [],
          "tests": [
            {
              "title": "Visits the Kitchen Sink2",
              "fullTitle": "My First Test2 Visits the Kitchen Sink2",
              "timedOut": null,
              "duration": 2457,
              "state": "passed",
              "speed": "fast",
              "pass": true,
              "fail": false,
              "pending": false,
              "context": null,
              "code": "cy.visit('https://example.cypress.io');\ncy.contains('type').click();\ncy.url().should('include', '/commands/actions');\ncy.get('.action-email').type('fake@mail.com');\ncy.get('.action-email').should('have.value', 'fake@mail.com');\n/* ==== Generated with Cypress Studio ==== */\ncy.get('#password1').clear('1');\ncy.get('#password1').type('123456');\ncy.get('#fullName1').clear('21');\ncy.get('#fullName1').type('213124');\ncy.get('#description').clear('31');\ncy.get('#description').type('31');\ncy.get('#fullName1').click();\ncy.get('#fullName1').click();\ncy.get('#fullName1').clear('F');\ncy.get('#fullName1').type('Fam');\ncy.get('.action-form > .btn').click();\n/* ==== End Cypress Studio ==== */",
              "err": {},
              "uuid": "dcba33ea-1695-407b-b18e-8cf745a45432",
              "parentUUID": "08fe11a6-6454-4617-908b-3380507a3ff0",
              "isHook": false,
              "skipped": false
            }
          ],
          "suites": [],
          "passes": [
            "dcba33ea-1695-407b-b18e-8cf745a45432"
          ],
          "failures": [],
          "pending": [],
          "skipped": [],
          "duration": 2457,
          "root": false,
          "rootEmpty": false,
          "_timeout": 2000
        }
      ],
      "passes": [],
      "failures": [],
      "pending": [],
      "skipped": [],
      "duration": 0,
      "root": true,
      "rootEmpty": true,
      "_timeout": 2000
    },
    {
      "uuid": "791aeea2-50d0-4f27-a45d-19e3df8ec469",
      "title": "",
      "fullFile": "cypress\\e2e\\test.cy.js",
      "file": "cypress\\e2e\\test.cy.js",
      "beforeHooks": [],
      "afterHooks": [],
      "tests": [],
      "suites": [
        {
          "uuid": "03eca1cb-8f85-4497-b3c1-d01840800ac8",
          "title": "My First Test",
          "fullFile": "",
          "file": "",
          "beforeHooks": [],
          "afterHooks": [],
          "tests": [
            {
              "title": "Visits the Kitchen Sink",
              "fullTitle": "My First Test Visits the Kitchen Sink",
              "timedOut": null,
              "duration": 2550,
              "state": "passed",
              "speed": "fast",
              "pass": true,
              "fail": false,
              "pending": false,
              "context": null,
              "code": "cy.visit('https://example.cypress.io');\ncy.contains('type').click();\ncy.url().should('include', '/commands/actions');\ncy.get('.action-email').type('fake@mail.com');\ncy.get('.action-email').should('have.value', 'fake@mail.com');\n/* ==== Generated with Cypress Studio ==== */\ncy.get('#password1').clear('1');\ncy.get('#password1').type('123456');\ncy.get('#fullName1').clear('21');\ncy.get('#fullName1').type('213124');\ncy.get('#description').clear('31');\ncy.get('#description').type('31');\ncy.get('#fullName1').click();\ncy.get('#fullName1').click();\ncy.get('#fullName1').clear('F');\ncy.get('#fullName1').type('Fam');\ncy.get('.action-form > .btn').click();\n/* ==== End Cypress Studio ==== */",
              "err": {},
              "uuid": "9b79462a-c246-4458-81b0-3434d6b144b8",
              "parentUUID": "03eca1cb-8f85-4497-b3c1-d01840800ac8",
              "isHook": false,
              "skipped": false
            }
          ],
          "suites": [],
          "passes": [
            "9b79462a-c246-4458-81b0-3434d6b144b8"
          ],
          "failures": [],
          "pending": [],
          "skipped": [],
          "duration": 2550,
          "root": false,
          "rootEmpty": false,
          "_timeout": 2000
        }
      ],
      "passes": [],
      "failures": [],
      "pending": [],
      "skipped": [],
      "duration": 0,
      "root": true,
      "rootEmpty": true,
      "_timeout": 2000
    },
    {
      "uuid": "d33d7ed6-9a97-48fc-8ebd-6b4039426273",
      "title": "",
      "fullFile": "cypress\\e2e\\test2.cy.js",
      "file": "cypress\\e2e\\test2.cy.js",
      "beforeHooks": [],
      "afterHooks": [],
      "tests": [],
      "suites": [
        {
          "uuid": "7bbc5778-1f85-49d5-ac93-146ad96aef1f",
          "title": "My First Test2",
          "fullFile": "",
          "file": "",
          "beforeHooks": [],
          "afterHooks": [],
          "tests": [
            {
              "title": "Visits the Kitchen Sink2",
              "fullTitle": "My First Test2 Visits the Kitchen Sink2",
              "timedOut": null,
              "duration": 2197,
              "state": "passed",
              "speed": "fast",
              "pass": true,
              "fail": false,
              "pending": false,
              "context": null,
              "code": "cy.visit('https://example.cypress.io');\ncy.contains('type').click();\ncy.url().should('include', '/commands/actions');\ncy.get('.action-email').type('fake@mail.com');\ncy.get('.action-email').should('have.value', 'fake@mail.com');\n/* ==== Generated with Cypress Studio ==== */\ncy.get('#password1').clear('1');\ncy.get('#password1').type('123456');\ncy.get('#fullName1').clear('21');\ncy.get('#fullName1').type('213124');\ncy.get('#description').clear('31');\ncy.get('#description').type('31');\ncy.get('#fullName1').click();\ncy.get('#fullName1').click();\ncy.get('#fullName1').clear('F');\ncy.get('#fullName1').type('Fam');\ncy.get('.action-form > .btn').click();\n/* ==== End Cypress Studio ==== */",
              "err": {},
              "uuid": "30ff1ab0-bc27-455f-a125-1010e7de7bdc",
              "parentUUID": "7bbc5778-1f85-49d5-ac93-146ad96aef1f",
              "isHook": false,
              "skipped": false
            }
          ],
          "suites": [],
          "passes": [
            "30ff1ab0-bc27-455f-a125-1010e7de7bdc"
          ],
          "failures": [],
          "pending": [],
          "skipped": [],
          "duration": 2197,
          "root": false,
          "rootEmpty": false,
          "_timeout": 2000
        }
      ],
      "passes": [],
      "failures": [],
      "pending": [],
      "skipped": [],
      "duration": 0,
      "root": true,
      "rootEmpty": true,
      "_timeout": 2000
    },
    {
      "uuid": "935d0a08-b71a-4864-b58c-e5ea8aa47086",
      "title": "",
      "fullFile": "cypress\\e2e\\test.cy.js",
      "file": "cypress\\e2e\\test.cy.js",
      "beforeHooks": [],
      "afterHooks": [],
      "tests": [],
      "suites": [
        {
          "uuid": "c27edce8-cfeb-4f4b-8218-84967bef2fc0",
          "title": "My First Test",
          "fullFile": "",
          "file": "",
          "beforeHooks": [],
          "afterHooks": [],
          "tests": [
            {
              "title": "Visits the Kitchen Sink",
              "fullTitle": "My First Test Visits the Kitchen Sink",
              "timedOut": null,
              "duration": 3317,
              "state": "passed",
              "speed": "fast",
              "pass": true,
              "fail": false,
              "pending": false,
              "context": null,
              "code": "cy.visit('https://example.cypress.io');\ncy.contains('type').click();\ncy.url().should('include', '/commands/actions');\ncy.get('.action-email').type('fake@mail.com');\ncy.get('.action-email').should('have.value', 'fake@mail.com');\n/* ==== Generated with Cypress Studio ==== */\ncy.get('#password1').clear('1');\ncy.get('#password1').type('123456');\ncy.get('#fullName1').clear('21');\ncy.get('#fullName1').type('213124');\ncy.get('#description').clear('31');\ncy.get('#description').type('31');\ncy.get('#fullName1').click();\ncy.get('#fullName1').click();\ncy.get('#fullName1').clear('F');\ncy.get('#fullName1').type('Fam');\ncy.get('.action-form > .btn').click();\n/* ==== End Cypress Studio ==== */",
              "err": {},
              "uuid": "d1ead668-e5f6-4983-81ae-aaff99fbd529",
              "parentUUID": "c27edce8-cfeb-4f4b-8218-84967bef2fc0",
              "isHook": false,
              "skipped": false
            }
          ],
          "suites": [],
          "passes": [
            "d1ead668-e5f6-4983-81ae-aaff99fbd529"
          ],
          "failures": [],
          "pending": [],
          "skipped": [],
          "duration": 3317,
          "root": false,
          "rootEmpty": false,
          "_timeout": 2000
        }
      ],
      "passes": [],
      "failures": [],
      "pending": [],
      "skipped": [],
      "duration": 0,
      "root": true,
      "rootEmpty": true,
      "_timeout": 2000
    }
  ],
  "meta": {
    "mocha": {
      "version": "7.2.0"
    },
    "mochawesome": {
      "options": {
        "quiet": false,
        "reportFilename": "mochawesome",
        "saveHtml": false,
        "saveJson": true,
        "consoleReporter": "spec",
        "useInlineDiffs": false,
        "code": true
      },
      "version": "7.1.3"
    },
    "marge": {
      "options": {
        "reportDir": "cypress/reports",
        "overwrite": false,
        "html": false,
        "json": true
      },
      "version": "6.2.0"
    }
  }
}