{
  "stats": {
    "suites": 1,
    "tests": 1,
    "passes": 1,
    "pending": 0,
    "failures": 0,
    "start": "2025-06-12T12:40:22.406Z",
    "end": "2025-06-12T12:40:26.664Z",
    "duration": 4258,
    "testsRegistered": 1,
    "passPercent": 100,
    "pendingPercent": 0,
    "other": 0,
    "hasOther": false,
    "skipped": 0,
    "hasSkipped": false
  },
  "results": [
    {
      "uuid": "791aeea2-50d0-4f27-a45d-19e3df8ec469",
      "title": "",
      "fullFile": "cypress\\e2e\\test.cy.js",
      "file": "cypress\\e2e\\test.cy.js",
      "beforeHooks": [],
      "afterHooks": [],
      "tests": [],
      "suites": [
        {
          "uuid": "03eca1cb-8f85-4497-b3c1-d01840800ac8",
          "title": "My First Test",
          "fullFile": "",
          "file": "",
          "beforeHooks": [],
          "afterHooks": [],
          "tests": [
            {
              "title": "Visits the Kitchen Sink",
              "fullTitle": "My First Test Visits the Kitchen Sink",
              "timedOut": null,
              "duration": 2550,
              "state": "passed",
              "speed": "fast",
              "pass": true,
              "fail": false,
              "pending": false,
              "context": null,
              "code": "cy.visit('https://example.cypress.io');\ncy.contains('type').click();\ncy.url().should('include', '/commands/actions');\ncy.get('.action-email').type('fake@mail.com');\ncy.get('.action-email').should('have.value', 'fake@mail.com');\n/* ==== Generated with Cypress Studio ==== */\ncy.get('#password1').clear('1');\ncy.get('#password1').type('123456');\ncy.get('#fullName1').clear('21');\ncy.get('#fullName1').type('213124');\ncy.get('#description').clear('31');\ncy.get('#description').type('31');\ncy.get('#fullName1').click();\ncy.get('#fullName1').click();\ncy.get('#fullName1').clear('F');\ncy.get('#fullName1').type('Fam');\ncy.get('.action-form > .btn').click();\n/* ==== End Cypress Studio ==== */",
              "err": {},
              "uuid": "9b79462a-c246-4458-81b0-3434d6b144b8",
              "parentUUID": "03eca1cb-8f85-4497-b3c1-d01840800ac8",
              "isHook": false,
              "skipped": false
            }
          ],
          "suites": [],
          "passes": [
            "9b79462a-c246-4458-81b0-3434d6b144b8"
          ],
          "failures": [],
          "pending": [],
          "skipped": [],
          "duration": 2550,
          "root": false,
          "rootEmpty": false,
          "_timeout": 2000
        }
      ],
      "passes": [],
      "failures": [],
      "pending": [],
      "skipped": [],
      "duration": 0,
      "root": true,
      "rootEmpty": true,
      "_timeout": 2000
    }
  ],
  "meta": {
    "mocha": {
      "version": "7.2.0"
    },
    "mochawesome": {
      "options": {
        "quiet": false,
        "reportFilename": "mochawesome",
        "saveHtml": false,
        "saveJson": true,
        "consoleReporter": "spec",
        "useInlineDiffs": false,
        "code": true
      },
      "version": "7.1.3"
    },
    "marge": {
      "options": {
        "reportDir": "cypress/reports",
        "overwrite": false,
        "html": false,
        "json": true
      },
      "version": "6.2.0"
    }
  }
}